SF:C:\GitHub\WorkflowPractice\SafariPark_Final\SafariParkApp\Airplane.cs
FN:11,System.Int32 SafariParkApp.Airplane::get_Altitude()
FNDA:41,System.Int32 SafariParkApp.Airplane::get_Altitude()
DA:12,41
FN:22,System.Void SafariParkApp.Airplane::Ascend(System.Int32)
FNDA:7,System.Void SafariParkApp.Airplane::Ascend(System.Int32)
DA:23,7
DA:24,7
DA:25,7
FN:27,System.Void SafariParkApp.Airplane::Descend(System.Int32)
FNDA:5,System.Void SafariParkApp.Airplane::Descend(System.Int32)
DA:28,5
DA:29,5
DA:30,5
DA:31,5
BRDA:30,13,0,1
BRDA:30,13,1,4
FN:33,System.String SafariParkApp.Airplane::Move()
FNDA:5,System.String SafariParkApp.Airplane::Move()
DA:34,5
DA:35,5
DA:36,5
DA:37,5
FN:39,System.String SafariParkApp.Airplane::Move(System.Int32)
FNDA:6,System.String SafariParkApp.Airplane::Move(System.Int32)
DA:40,6
DA:41,6
DA:42,6
DA:43,6
FN:45,System.String SafariParkApp.Airplane::ToString()
FNDA:3,System.String SafariParkApp.Airplane::ToString()
DA:46,3
DA:47,3
DA:48,3
FN:12,System.Void SafariParkApp.Airplane::.ctor(System.Int32)
FNDA:0,System.Void SafariParkApp.Airplane::.ctor(System.Int32)
DA:13,0
DA:14,0
DA:15,0
FN:16,System.Void SafariParkApp.Airplane::.ctor(System.Int32,System.Int32,System.String)
FNDA:8,System.Void SafariParkApp.Airplane::.ctor(System.Int32,System.Int32,System.String)
DA:17,8
DA:18,8
DA:19,8
DA:20,8
LF:26
LH:23
BRF:2
BRH:2
FNF:8
FNH:7
end_of_record
SF:C:\GitHub\WorkflowPractice\SafariPark_Final\SafariParkApp\Camera.cs
FN:10,System.String SafariParkApp.Camera::ToString()
FNDA:0,System.String SafariParkApp.Camera::ToString()
DA:11,0
DA:12,0
DA:13,0
FN:15,System.String SafariParkApp.Camera::Shoot()
FNDA:0,System.String SafariParkApp.Camera::Shoot()
DA:16,0
DA:17,0
DA:18,0
FN:5,System.Void SafariParkApp.Camera::.ctor(System.String)
FNDA:0,System.Void SafariParkApp.Camera::.ctor(System.String)
DA:6,0
DA:7,0
DA:8,0
DA:9,0
LF:10
LH:0
BRF:0
BRH:0
FNF:3
FNH:0
end_of_record
SF:C:\GitHub\WorkflowPractice\SafariPark_Final\SafariParkApp\Extras\Point3D.cs
FN:13,System.Void SafariParkApp.Point3D::.ctor(System.Int32,System.Int32,System.Int32)
FNDA:0,System.Void SafariParkApp.Point3D::.ctor(System.Int32,System.Int32,System.Int32)
DA:14,0
DA:15,0
DA:16,0
DA:17,0
DA:18,0
LF:5
LH:0
BRF:0
BRH:0
FNF:1
FNH:0
end_of_record
SF:C:\GitHub\WorkflowPractice\SafariPark_Final\SafariParkApp\Extras\Shape.cs
FN:18,System.String SafariParkApp.Shape::ToString()
FNDA:0,System.String SafariParkApp.Shape::ToString()
DA:19,0
DA:20,0
DA:22,0
FN:37,System.Int32 SafariParkApp.Rectangle::CalculateArea()
FNDA:0,System.Int32 SafariParkApp.Rectangle::CalculateArea()
DA:38,0
DA:39,0
DA:40,0
FN:30,System.Void SafariParkApp.Rectangle::.ctor(System.Int32,System.Int32)
FNDA:0,System.Void SafariParkApp.Rectangle::.ctor(System.Int32,System.Int32)
DA:31,0
DA:32,0
DA:33,0
DA:34,0
DA:35,0
LF:11
LH:0
BRF:0
BRH:0
FNF:3
FNH:0
end_of_record
SF:C:\GitHub\WorkflowPractice\SafariPark_Final\SafariParkApp\Extras\ShoppingBasket.cs
FN:12,System.Int32 SafariParkApp.ShoppingBasket::get_Bread()
FNDA:0,System.Int32 SafariParkApp.ShoppingBasket::get_Bread()
DA:13,0
FN:13,System.Void SafariParkApp.ShoppingBasket::set_Bread(System.Int32)
FNDA:0,System.Void SafariParkApp.ShoppingBasket::set_Bread(System.Int32)
DA:14,0
BRDA:14,3,0,0
BRDA:14,3,1,0
FN:15,System.Int32 SafariParkApp.ShoppingBasket::get_Milk()
FNDA:0,System.Int32 SafariParkApp.ShoppingBasket::get_Milk()
DA:16,0
FN:16,System.Int32 SafariParkApp.ShoppingBasket::get_Soap()
FNDA:0,System.Int32 SafariParkApp.ShoppingBasket::get_Soap()
DA:17,0
FN:17,System.Int32 SafariParkApp.ShoppingBasket::get_Potato()
FNDA:0,System.Int32 SafariParkApp.ShoppingBasket::get_Potato()
DA:18,0
FN:18,System.Int32 SafariParkApp.ShoppingBasket::get_Lemon()
FNDA:0,System.Int32 SafariParkApp.ShoppingBasket::get_Lemon()
DA:19,0
LF:6
LH:0
BRF:2
BRH:0
FNF:6
FNH:0
end_of_record
SF:C:\GitHub\WorkflowPractice\SafariPark_Final\SafariParkApp\Extras\Spartan.cs
FN:27,System.String SafariParkApp.Spartan::get_FirstName()
FNDA:0,System.String SafariParkApp.Spartan::get_FirstName()
DA:28,0
FN:28,System.String SafariParkApp.Spartan::get_LastName()
FNDA:0,System.String SafariParkApp.Spartan::get_LastName()
DA:29,0
FN:30,System.String SafariParkApp.Spartan::get_Stream()
FNDA:0,System.String SafariParkApp.Spartan::get_Stream()
DA:31,0
FN:32,System.String SafariParkApp.Spartan::get_Degree()
FNDA:0,System.String SafariParkApp.Spartan::get_Degree()
DA:33,0
LF:4
LH:0
BRF:0
BRH:0
FNF:4
FNH:0
end_of_record
SF:C:\GitHub\WorkflowPractice\SafariPark_Final\SafariParkApp\Hunter.cs
FN:9,SafariParkApp.IShootable SafariParkApp.Hunter::get_Shooter()
FNDA:0,SafariParkApp.IShootable SafariParkApp.Hunter::get_Shooter()
DA:10,0
FN:10,System.Void SafariParkApp.Hunter::set_Shooter(SafariParkApp.IShootable)
FNDA:0,System.Void SafariParkApp.Hunter::set_Shooter(SafariParkApp.IShootable)
DA:11,0
BRDA:11,7,0,0
BRDA:11,7,1,0
FN:18,System.String SafariParkApp.Hunter::Shoot()
FNDA:0,System.String SafariParkApp.Hunter::Shoot()
DA:19,0
DA:20,0
DA:21,0
DA:22,0
BRDA:21,14,0,0
BRDA:21,14,1,0
FN:24,System.String SafariParkApp.Hunter::ToString()
FNDA:0,System.String SafariParkApp.Hunter::ToString()
DA:25,0
DA:26,0
DA:27,0
FN:12,System.Void SafariParkApp.Hunter::.ctor()
FNDA:0,System.Void SafariParkApp.Hunter::.ctor()
DA:13,0
FN:13,System.Void SafariParkApp.Hunter::.ctor(System.String,System.String,SafariParkApp.IShootable)
FNDA:0,System.Void SafariParkApp.Hunter::.ctor(System.String,System.String,SafariParkApp.IShootable)
DA:14,0
DA:15,0
DA:16,0
DA:17,0
FN:36,System.String SafariParkApp.MonsterHunter::Shoot()
FNDA:0,System.String SafariParkApp.MonsterHunter::Shoot()
DA:37,0
DA:38,0
DA:39,0
DA:40,0
BRDA:39,24,0,0
BRDA:39,24,1,0
FN:33,System.Void SafariParkApp.MonsterHunter::.ctor(System.String,System.String,SafariParkApp.IShootable)
FNDA:0,System.Void SafariParkApp.MonsterHunter::.ctor(System.String,System.String,SafariParkApp.IShootable)
DA:34,0
LF:19
LH:0
BRF:6
BRH:0
FNF:8
FNH:0
end_of_record
SF:C:\GitHub\WorkflowPractice\SafariPark_Final\SafariParkApp\Interfaces\IShootable.cs
FN:5,System.String SafariParkApp.IShootable::Shoot()
FNDA:0,System.String SafariParkApp.IShootable::Shoot()
DA:6,0
DA:7,0
DA:8,0
LF:3
LH:0
BRF:0
BRH:0
FNF:1
FNH:0
end_of_record
SF:C:\GitHub\WorkflowPractice\SafariPark_Final\SafariParkApp\Person.cs
FN:13,System.Int32 SafariParkApp.Person::get_Age()
FNDA:3,System.Int32 SafariParkApp.Person::get_Age()
DA:14,3
FN:15,System.Void SafariParkApp.Person::set_Age(System.Int32)
FNDA:4,System.Void SafariParkApp.Person::set_Age(System.Int32)
DA:16,4
DA:17,4
DA:18,0
DA:19,0
DA:22,4
DA:23,4
DA:24,4
DA:25,4
BRDA:17,7,0,0
BRDA:17,7,1,4
FN:44,System.String SafariParkApp.Person::get_FullName()
FNDA:2,System.String SafariParkApp.Person::get_FullName()
DA:45,2
FN:47,System.String SafariParkApp.Person::ToString()
FNDA:0,System.String SafariParkApp.Person::ToString()
DA:48,0
DA:49,0
DA:51,0
FN:53,System.String SafariParkApp.Person::Move()
FNDA:0,System.String SafariParkApp.Person::Move()
DA:54,0
DA:55,0
DA:56,0
FN:58,System.String SafariParkApp.Person::Move(System.Int32)
FNDA:0,System.String SafariParkApp.Person::Move(System.Int32)
DA:59,0
DA:60,0
DA:61,0
FN:30,System.Void SafariParkApp.Person::.ctor()
FNDA:0,System.Void SafariParkApp.Person::.ctor()
DA:31,0
FN:32,System.Void SafariParkApp.Person::.ctor(System.String,System.String,System.Int32)
FNDA:3,System.Void SafariParkApp.Person::.ctor(System.String,System.String,System.Int32)
DA:33,3
DA:34,3
DA:35,3
DA:36,3
DA:37,3
DA:38,3
FN:38,System.Void SafariParkApp.Person::.ctor(System.Int32)
FNDA:0,System.Void SafariParkApp.Person::.ctor(System.Int32)
DA:39,0
DA:40,0
DA:41,0
DA:42,0
LF:30
LH:14
BRF:2
BRH:1
FNF:9
FNH:4
end_of_record
SF:C:\GitHub\WorkflowPractice\SafariPark_Final\SafariParkApp\Vehicle.cs
FN:11,System.Int32 SafariParkApp.Vehicle::get_Speed()
FNDA:48,System.Int32 SafariParkApp.Vehicle::get_Speed()
DA:12,48
FN:13,System.Int32 SafariParkApp.Vehicle::get_Position()
FNDA:32,System.Int32 SafariParkApp.Vehicle::get_Position()
DA:14,32
FN:16,System.Int32 SafariParkApp.Vehicle::get_NumPassengers()
FNDA:6,System.Int32 SafariParkApp.Vehicle::get_NumPassengers()
DA:17,6
FN:17,System.Void SafariParkApp.Vehicle::set_NumPassengers(System.Int32)
FNDA:14,System.Void SafariParkApp.Vehicle::set_NumPassengers(System.Int32)
DA:18,14
DA:19,14
BRDA:18,3,0,13
BRDA:18,3,1,2
BRDA:18,12,0,2
BRDA:18,21,0,1
BRDA:18,21,1,1
BRDA:18,12,1,12
FN:31,System.String SafariParkApp.Vehicle::Move(System.Int32)
FNDA:7,System.String SafariParkApp.Vehicle::Move(System.Int32)
DA:32,7
DA:33,7
DA:34,7
DA:35,7
FN:36,System.String SafariParkApp.Vehicle::Move()
FNDA:6,System.String SafariParkApp.Vehicle::Move()
DA:37,6
DA:38,6
DA:39,6
DA:40,6
FN:41,System.String SafariParkApp.Vehicle::ToString()
FNDA:3,System.String SafariParkApp.Vehicle::ToString()
DA:42,3
FN:21,System.Void SafariParkApp.Vehicle::.ctor()
FNDA:6,System.Void SafariParkApp.Vehicle::.ctor()
DA:22,6
FN:24,System.Void SafariParkApp.Vehicle::.ctor(System.Int32,System.Int32)
FNDA:15,System.Void SafariParkApp.Vehicle::.ctor(System.Int32,System.Int32)
DA:25,15
DA:26,15
DA:27,15
DA:28,15
DA:29,15
LF:20
LH:20
BRF:6
BRH:6
FNF:9
FNH:9
end_of_record
SF:C:\GitHub\WorkflowPractice\SafariPark_Final\SafariParkApp\Weapon.cs
FN:16,System.String SafariParkApp.Weapon::ToString()
FNDA:0,System.String SafariParkApp.Weapon::ToString()
DA:17,0
DA:18,0
DA:19,0
FN:11,System.Void SafariParkApp.Weapon::.ctor(System.String)
FNDA:0,System.Void SafariParkApp.Weapon::.ctor(System.String)
DA:12,0
DA:13,0
DA:14,0
DA:15,0
FN:25,System.Void SafariParkApp.WaterPistol::.ctor(System.String)
FNDA:0,System.Void SafariParkApp.WaterPistol::.ctor(System.String)
DA:26,0
FN:32,System.Void SafariParkApp.LaserGun::.ctor(System.String)
FNDA:0,System.Void SafariParkApp.LaserGun::.ctor(System.String)
DA:33,0
LF:9
LH:0
BRF:0
BRH:0
FNF:4
FNH:0
end_of_record